CRITICAL - 2023-05-29 11:07:57 --> Call to undefined method App\Models\UserModel::getallusers
in SYSTEMPATH\Model.php on line 842.
 1 APPPATH\Controllers\Mycontroller.php(30): CodeIgniter\Model->__call('getallusers', [])
 2 SYSTEMPATH\CodeIgniter.php(934): App\Controllers\Mycontroller->datatable()
 3 SYSTEMPATH\CodeIgniter.php(499): CodeIgniter\CodeIgniter->runController(Object(App\Controllers\Mycontroller))
 4 SYSTEMPATH\CodeIgniter.php(368): CodeIgniter\CodeIgniter->handleRequest(null, Object(Config\Cache), false)
 5 FCPATH\index.php(67): CodeIgniter\CodeIgniter->run()
CRITICAL - 2023-05-29 11:13:45 --> Call to undefined method App\Models\UserModel::getallusers
in SYSTEMPATH\Model.php on line 842.
 1 APPPATH\Controllers\Mycontroller.php(30): CodeIgniter\Model->__call('getallusers', [])
 2 SYSTEMPATH\CodeIgniter.php(934): App\Controllers\Mycontroller->datatable()
 3 SYSTEMPATH\CodeIgniter.php(499): CodeIgniter\CodeIgniter->runController(Object(App\Controllers\Mycontroller))
 4 SYSTEMPATH\CodeIgniter.php(368): CodeIgniter\CodeIgniter->handleRequest(null, Object(Config\Cache), false)
 5 FCPATH\index.php(67): CodeIgniter\CodeIgniter->run()
CRITICAL - 2023-05-29 11:15:27 --> Call to undefined method App\Models\UserModel::getalluser
in SYSTEMPATH\Model.php on line 842.
 1 APPPATH\Controllers\Mycontroller.php(30): CodeIgniter\Model->__call('getalluser', [])
 2 SYSTEMPATH\CodeIgniter.php(934): App\Controllers\Mycontroller->datatable()
 3 SYSTEMPATH\CodeIgniter.php(499): CodeIgniter\CodeIgniter->runController(Object(App\Controllers\Mycontroller))
 4 SYSTEMPATH\CodeIgniter.php(368): CodeIgniter\CodeIgniter->handleRequest(null, Object(Config\Cache), false)
 5 FCPATH\index.php(67): CodeIgniter\CodeIgniter->run()
CRITICAL - 2023-05-29 11:33:56 --> Undefined array key "id"
in APPPATH\Views\datatable.php on line 31.
 1 APPPATH\Views\datatable.php(31): CodeIgniter\Debug\Exceptions->errorHandler(2, 'Undefined array key "id"', 'C:\\xampp\\htdocs\\project1\\app\\Views\\datatable.php', 31)
 2 SYSTEMPATH\View\View.php(213): include('C:\\xampp\\htdocs\\project1\\app\\Views\\datatable.php')
 3 SYSTEMPATH\View\View.php(216): CodeIgniter\View\View->CodeIgniter\View\{closure}()
 4 SYSTEMPATH\Common.php(1184): CodeIgniter\View\View->render('datatable', [], true)
 5 APPPATH\Controllers\Mycontroller.php(31): view('datatable', [...])
 6 SYSTEMPATH\CodeIgniter.php(934): App\Controllers\Mycontroller->datatable()
 7 SYSTEMPATH\CodeIgniter.php(499): CodeIgniter\CodeIgniter->runController(Object(App\Controllers\Mycontroller))
 8 SYSTEMPATH\CodeIgniter.php(368): CodeIgniter\CodeIgniter->handleRequest(null, Object(Config\Cache), false)
 9 FCPATH\index.php(67): CodeIgniter\CodeIgniter->run()
CRITICAL - 2023-05-29 12:47:29 --> Undefined constant "App\Controllers\user_id"
in APPPATH\Controllers\Mycontroller.php on line 36.
 1 SYSTEMPATH\CodeIgniter.php(934): App\Controllers\Mycontroller->del('1')
 2 SYSTEMPATH\CodeIgniter.php(499): CodeIgniter\CodeIgniter->runController(Object(App\Controllers\Mycontroller))
 3 SYSTEMPATH\CodeIgniter.php(368): CodeIgniter\CodeIgniter->handleRequest(null, Object(Config\Cache), false)
 4 FCPATH\index.php(67): CodeIgniter\CodeIgniter->run()
CRITICAL - 2023-05-29 12:48:31 --> syntax error, unexpected token ")", expecting variable
in APPPATH\Controllers\Mycontroller.php on line 33.
 1 SYSTEMPATH\Autoloader\Autoloader.php(289): CodeIgniter\Autoloader\Autoloader->includeFile('C:\\xampp\\htdocs\\project1\\app\\Controllers\\Mycontroller.php')
 2 SYSTEMPATH\Autoloader\Autoloader.php(267): CodeIgniter\Autoloader\Autoloader->loadInNamespace('App\\Controllers\\Mycontroller')
 3 [internal function]: CodeIgniter\Autoloader\Autoloader->loadClass('App\\Controllers\\Mycontroller')
 4 SYSTEMPATH\CodeIgniter.php(892): class_exists('\\App\\Controllers\\Mycontroller', true)
 5 SYSTEMPATH\CodeIgniter.php(486): CodeIgniter\CodeIgniter->startController()
 6 SYSTEMPATH\CodeIgniter.php(368): CodeIgniter\CodeIgniter->handleRequest(null, Object(Config\Cache), false)
 7 FCPATH\index.php(67): CodeIgniter\CodeIgniter->run()
