CRITICAL - 2023-05-28 07:15:44 --> Class "App\Model\UserModel" not found
in APPPATH\Controllers\Mycontroller.php on line 14.
 1 SYSTEMPATH\CodeIgniter.php(934): App\Controllers\Mycontroller->adduser()
 2 SYSTEMPATH\CodeIgniter.php(499): CodeIgniter\CodeIgniter->runController(Object(App\Controllers\Mycontroller))
 3 SYSTEMPATH\CodeIgniter.php(368): CodeIgniter\CodeIgniter->handleRequest(null, Object(Config\Cache), false)
 4 FCPATH\index.php(67): CodeIgniter\CodeIgniter->run()
CRITICAL - 2023-05-28 07:27:48 --> Invalid file: "update_signup.php"
in SYSTEMPATH\Exceptions\FrameworkException.php on line 33.
 1 SYSTEMPATH\View\View.php(201): CodeIgniter\Exceptions\FrameworkException::forInvalidFile('update_signup.php')
 2 SYSTEMPATH\Common.php(1184): CodeIgniter\View\View->render('update_signup', [], true)
 3 APPPATH\Controllers\Mycontroller.php(10): view('update_signup')
 4 SYSTEMPATH\CodeIgniter.php(934): App\Controllers\Mycontroller->index()
 5 SYSTEMPATH\CodeIgniter.php(499): CodeIgniter\CodeIgniter->runController(Object(App\Controllers\Mycontroller))
 6 SYSTEMPATH\CodeIgniter.php(368): CodeIgniter\CodeIgniter->handleRequest(null, Object(Config\Cache), false)
 7 FCPATH\index.php(67): CodeIgniter\CodeIgniter->run()
CRITICAL - 2023-05-28 07:29:58 --> Class "App\Model\UserModel" not found
in APPPATH\Controllers\Mycontroller.php on line 14.
 1 SYSTEMPATH\CodeIgniter.php(934): App\Controllers\Mycontroller->adduser()
 2 SYSTEMPATH\CodeIgniter.php(499): CodeIgniter\CodeIgniter->runController(Object(App\Controllers\Mycontroller))
 3 SYSTEMPATH\CodeIgniter.php(368): CodeIgniter\CodeIgniter->handleRequest(null, Object(Config\Cache), false)
 4 FCPATH\index.php(67): CodeIgniter\CodeIgniter->run()
CRITICAL - 2023-05-28 07:33:24 --> Class "App\Model\UserModel" not found
in APPPATH\Controllers\Mycontroller.php on line 14.
 1 SYSTEMPATH\CodeIgniter.php(934): App\Controllers\Mycontroller->adduser()
 2 SYSTEMPATH\CodeIgniter.php(499): CodeIgniter\CodeIgniter->runController(Object(App\Controllers\Mycontroller))
 3 SYSTEMPATH\CodeIgniter.php(368): CodeIgniter\CodeIgniter->handleRequest(null, Object(Config\Cache), false)
 4 FCPATH\index.php(67): CodeIgniter\CodeIgniter->run()
CRITICAL - 2023-05-28 09:32:43 --> Class "App\Model\UserModel" not found
in APPPATH\Controllers\Mycontroller.php on line 14.
 1 SYSTEMPATH\CodeIgniter.php(934): App\Controllers\Mycontroller->adduser()
 2 SYSTEMPATH\CodeIgniter.php(499): CodeIgniter\CodeIgniter->runController(Object(App\Controllers\Mycontroller))
 3 SYSTEMPATH\CodeIgniter.php(368): CodeIgniter\CodeIgniter->handleRequest(null, Object(Config\Cache), false)
 4 FCPATH\index.php(67): CodeIgniter\CodeIgniter->run()
CRITICAL - 2023-05-28 09:36:12 --> Class "App\Model\UserModel" not found
in APPPATH\Controllers\Mycontroller.php on line 14.
 1 SYSTEMPATH\CodeIgniter.php(934): App\Controllers\Mycontroller->adduser()
 2 SYSTEMPATH\CodeIgniter.php(499): CodeIgniter\CodeIgniter->runController(Object(App\Controllers\Mycontroller))
 3 SYSTEMPATH\CodeIgniter.php(368): CodeIgniter\CodeIgniter->handleRequest(null, Object(Config\Cache), false)
 4 FCPATH\index.php(67): CodeIgniter\CodeIgniter->run()
CRITICAL - 2023-05-28 09:37:21 --> Class "app\Model\UserModel" not found
in APPPATH\Controllers\Mycontroller.php on line 14.
 1 SYSTEMPATH\CodeIgniter.php(934): App\Controllers\Mycontroller->adduser()
 2 SYSTEMPATH\CodeIgniter.php(499): CodeIgniter\CodeIgniter->runController(Object(App\Controllers\Mycontroller))
 3 SYSTEMPATH\CodeIgniter.php(368): CodeIgniter\CodeIgniter->handleRequest(null, Object(Config\Cache), false)
 4 FCPATH\index.php(67): CodeIgniter\CodeIgniter->run()
ERROR - 2023-05-28 09:45:10 --> mysqli_sql_exception: Column 'role' cannot be null in C:\xampp\htdocs\project1\system\Database\MySQLi\Connection.php:295
Stack trace:
#0 C:\xampp\htdocs\project1\system\Database\MySQLi\Connection.php(295): mysqli->query('INSERT INTO `us...', 0)
#1 C:\xampp\htdocs\project1\system\Database\BaseConnection.php(692): CodeIgniter\Database\MySQLi\Connection->execute('INSERT INTO `us...')
#2 C:\xampp\htdocs\project1\system\Database\BaseConnection.php(606): CodeIgniter\Database\BaseConnection->simpleQuery('INSERT INTO `us...')
#3 C:\xampp\htdocs\project1\system\Database\BaseBuilder.php(2309): CodeIgniter\Database\BaseConnection->query('INSERT INTO `us...', Array, false)
#4 C:\xampp\htdocs\project1\system\Model.php(330): CodeIgniter\Database\BaseBuilder->insert()
#5 C:\xampp\htdocs\project1\system\BaseModel.php(782): CodeIgniter\Model->doInsert(Array)
#6 C:\xampp\htdocs\project1\system\Model.php(730): CodeIgniter\BaseModel->insert(Array, true)
#7 C:\xampp\htdocs\project1\app\Models\UserModel.php(20): CodeIgniter\Model->insert(Array)
#8 C:\xampp\htdocs\project1\app\Controllers\Mycontroller.php(20): App\Models\UserModel->insertuser(Array)
#9 C:\xampp\htdocs\project1\system\CodeIgniter.php(934): App\Controllers\Mycontroller->adduser()
#10 C:\xampp\htdocs\project1\system\CodeIgniter.php(499): CodeIgniter\CodeIgniter->runController(Object(App\Controllers\Mycontroller))
#11 C:\xampp\htdocs\project1\system\CodeIgniter.php(368): CodeIgniter\CodeIgniter->handleRequest(NULL, Object(Config\Cache), false)
#12 C:\xampp\htdocs\project1\index.php(67): CodeIgniter\CodeIgniter->run()
#13 {main}
CRITICAL - 2023-05-28 09:45:10 --> Column 'role' cannot be null
in SYSTEMPATH\Database\MySQLi\Connection.php on line 295.
 1 SYSTEMPATH\Database\MySQLi\Connection.php(295): mysqli->query('INSERT INTO `users` (`username`, `password`, `role`) VALUES (\'aa cc\', \'1478\', NULL)', 0)
 2 SYSTEMPATH\Database\BaseConnection.php(692): CodeIgniter\Database\MySQLi\Connection->execute('INSERT INTO `users` (`username`, `password`, `role`) VALUES (\'aa cc\', \'1478\', NULL)')
 3 SYSTEMPATH\Database\BaseConnection.php(606): CodeIgniter\Database\BaseConnection->simpleQuery('INSERT INTO `users` (`username`, `password`, `role`) VALUES (\'aa cc\', \'1478\', NULL)')
 4 SYSTEMPATH\Database\BaseBuilder.php(2309): CodeIgniter\Database\BaseConnection->query('INSERT INTO `users` (`username`, `password`, `role`) VALUES (:username:, :password:, :role:)', [...], false)
 5 SYSTEMPATH\Model.php(330): CodeIgniter\Database\BaseBuilder->insert()
 6 SYSTEMPATH\BaseModel.php(782): CodeIgniter\Model->doInsert([...])
 7 SYSTEMPATH\Model.php(730): CodeIgniter\BaseModel->insert([...], true)
 8 APPPATH\Models\UserModel.php(20): CodeIgniter\Model->insert([...])
 9 APPPATH\Controllers\Mycontroller.php(20): App\Models\UserModel->insertuser([...])
10 SYSTEMPATH\CodeIgniter.php(934): App\Controllers\Mycontroller->adduser()
11 SYSTEMPATH\CodeIgniter.php(499): CodeIgniter\CodeIgniter->runController(Object(App\Controllers\Mycontroller))
12 SYSTEMPATH\CodeIgniter.php(368): CodeIgniter\CodeIgniter->handleRequest(null, Object(Config\Cache), false)
13 FCPATH\index.php(67): CodeIgniter\CodeIgniter->run()
CRITICAL - 2023-05-28 10:11:49 --> Call to undefined method App\Models\UserModel::getallusers
in SYSTEMPATH\Model.php on line 842.
 1 APPPATH\Controllers\Mycontroller.php(30): CodeIgniter\Model->__call('getallusers', [])
 2 SYSTEMPATH\CodeIgniter.php(934): App\Controllers\Mycontroller->datatable()
 3 SYSTEMPATH\CodeIgniter.php(499): CodeIgniter\CodeIgniter->runController(Object(App\Controllers\Mycontroller))
 4 SYSTEMPATH\CodeIgniter.php(368): CodeIgniter\CodeIgniter->handleRequest(null, Object(Config\Cache), false)
 5 FCPATH\index.php(67): CodeIgniter\CodeIgniter->run()
CRITICAL - 2023-05-28 10:13:40 --> Call to undefined method App\Models\UserModel::getallusers
in SYSTEMPATH\Model.php on line 842.
 1 APPPATH\Controllers\Mycontroller.php(30): CodeIgniter\Model->__call('getallusers', [])
 2 SYSTEMPATH\CodeIgniter.php(934): App\Controllers\Mycontroller->datatable()
 3 SYSTEMPATH\CodeIgniter.php(499): CodeIgniter\CodeIgniter->runController(Object(App\Controllers\Mycontroller))
 4 SYSTEMPATH\CodeIgniter.php(368): CodeIgniter\CodeIgniter->handleRequest(null, Object(Config\Cache), false)
 5 FCPATH\index.php(67): CodeIgniter\CodeIgniter->run()
