CRITICAL - 2023-06-05 11:33:59 --> syntax error, unexpected token "-", expecting "("
in APPPATH\Controllers\Mycontroller.php on line 57.
 1 SYSTEMPATH\Autoloader\Autoloader.php(289): CodeIgniter\Autoloader\Autoloader->includeFile('C:\\xampp\\htdocs\\project1\\app\\Controllers\\Mycontroller.php')
 2 SYSTEMPATH\Autoloader\Autoloader.php(267): CodeIgniter\Autoloader\Autoloader->loadInNamespace('App\\Controllers\\Mycontroller')
 3 [internal function]: CodeIgniter\Autoloader\Autoloader->loadClass('App\\Controllers\\Mycontroller')
 4 SYSTEMPATH\CodeIgniter.php(892): class_exists('\\App\\Controllers\\Mycontroller', true)
 5 SYSTEMPATH\CodeIgniter.php(486): CodeIgniter\CodeIgniter->startController()
 6 SYSTEMPATH\CodeIgniter.php(368): CodeIgniter\CodeIgniter->handleRequest(null, Object(Config\Cache), false)
 7 FCPATH\index.php(67): CodeIgniter\CodeIgniter->run()
CRITICAL - 2023-06-05 11:34:37 --> syntax error, unexpected token "-", expecting "("
in APPPATH\Controllers\Mycontroller.php on line 57.
 1 SYSTEMPATH\Autoloader\Autoloader.php(289): CodeIgniter\Autoloader\Autoloader->includeFile('C:\\xampp\\htdocs\\project1\\app\\Controllers\\Mycontroller.php')
 2 SYSTEMPATH\Autoloader\Autoloader.php(267): CodeIgniter\Autoloader\Autoloader->loadInNamespace('App\\Controllers\\Mycontroller')
 3 [internal function]: CodeIgniter\Autoloader\Autoloader->loadClass('App\\Controllers\\Mycontroller')
 4 SYSTEMPATH\CodeIgniter.php(892): class_exists('\\App\\Controllers\\Mycontroller', true)
 5 SYSTEMPATH\CodeIgniter.php(486): CodeIgniter\CodeIgniter->startController()
 6 SYSTEMPATH\CodeIgniter.php(368): CodeIgniter\CodeIgniter->handleRequest(null, Object(Config\Cache), false)
 7 FCPATH\index.php(67): CodeIgniter\CodeIgniter->run()
CRITICAL - 2023-06-05 11:34:41 --> syntax error, unexpected token "-", expecting "("
in APPPATH\Controllers\Mycontroller.php on line 57.
 1 SYSTEMPATH\Autoloader\Autoloader.php(289): CodeIgniter\Autoloader\Autoloader->includeFile('C:\\xampp\\htdocs\\project1\\app\\Controllers\\Mycontroller.php')
 2 SYSTEMPATH\Autoloader\Autoloader.php(267): CodeIgniter\Autoloader\Autoloader->loadInNamespace('App\\Controllers\\Mycontroller')
 3 [internal function]: CodeIgniter\Autoloader\Autoloader->loadClass('App\\Controllers\\Mycontroller')
 4 SYSTEMPATH\CodeIgniter.php(892): class_exists('\\App\\Controllers\\Mycontroller', true)
 5 SYSTEMPATH\CodeIgniter.php(486): CodeIgniter\CodeIgniter->startController()
 6 SYSTEMPATH\CodeIgniter.php(368): CodeIgniter\CodeIgniter->handleRequest(null, Object(Config\Cache), false)
 7 FCPATH\index.php(67): CodeIgniter\CodeIgniter->run()
CRITICAL - 2023-06-05 11:36:09 --> Invalid file: "admin-login.php"
in SYSTEMPATH\Exceptions\FrameworkException.php on line 33.
 1 SYSTEMPATH\View\View.php(201): CodeIgniter\Exceptions\FrameworkException::forInvalidFile('admin-login.php')
 2 SYSTEMPATH\Common.php(1184): CodeIgniter\View\View->render('admin-login', [], true)
 3 APPPATH\Controllers\Mycontroller.php(59): view('admin-login')
 4 SYSTEMPATH\CodeIgniter.php(934): App\Controllers\Mycontroller->admin_login()
 5 SYSTEMPATH\CodeIgniter.php(499): CodeIgniter\CodeIgniter->runController(Object(App\Controllers\Mycontroller))
 6 SYSTEMPATH\CodeIgniter.php(368): CodeIgniter\CodeIgniter->handleRequest(null, Object(Config\Cache), false)
 7 FCPATH\index.php(67): CodeIgniter\CodeIgniter->run()
CRITICAL - 2023-06-05 11:37:29 --> Invalid file: "admin-login.php"
in SYSTEMPATH\Exceptions\FrameworkException.php on line 33.
 1 SYSTEMPATH\View\View.php(201): CodeIgniter\Exceptions\FrameworkException::forInvalidFile('admin-login.php')
 2 SYSTEMPATH\Common.php(1184): CodeIgniter\View\View->render('admin-login', [], true)
 3 APPPATH\Controllers\Mycontroller.php(59): view('admin-login')
 4 SYSTEMPATH\CodeIgniter.php(934): App\Controllers\Mycontroller->admin_login()
 5 SYSTEMPATH\CodeIgniter.php(499): CodeIgniter\CodeIgniter->runController(Object(App\Controllers\Mycontroller))
 6 SYSTEMPATH\CodeIgniter.php(368): CodeIgniter\CodeIgniter->handleRequest(null, Object(Config\Cache), false)
 7 FCPATH\index.php(67): CodeIgniter\CodeIgniter->run()
CRITICAL - 2023-06-05 11:37:56 --> Invalid file: "admin-login.php"
in SYSTEMPATH\Exceptions\FrameworkException.php on line 33.
 1 SYSTEMPATH\View\View.php(201): CodeIgniter\Exceptions\FrameworkException::forInvalidFile('admin-login.php')
 2 SYSTEMPATH\Common.php(1184): CodeIgniter\View\View->render('admin-login', [], true)
 3 APPPATH\Controllers\Mycontroller.php(59): view('admin-login')
 4 SYSTEMPATH\CodeIgniter.php(934): App\Controllers\Mycontroller->admin_login()
 5 SYSTEMPATH\CodeIgniter.php(499): CodeIgniter\CodeIgniter->runController(Object(App\Controllers\Mycontroller))
 6 SYSTEMPATH\CodeIgniter.php(368): CodeIgniter\CodeIgniter->handleRequest(null, Object(Config\Cache), false)
 7 FCPATH\index.php(67): CodeIgniter\CodeIgniter->run()
CRITICAL - 2023-06-05 11:39:31 --> Invalid file: "admin-login.php"
in SYSTEMPATH\Exceptions\FrameworkException.php on line 33.
 1 SYSTEMPATH\View\View.php(201): CodeIgniter\Exceptions\FrameworkException::forInvalidFile('admin-login.php')
 2 SYSTEMPATH\Common.php(1184): CodeIgniter\View\View->render('admin-login', [], true)
 3 APPPATH\Controllers\Mycontroller.php(59): view('admin-login')
 4 SYSTEMPATH\CodeIgniter.php(934): App\Controllers\Mycontroller->admin_login()
 5 SYSTEMPATH\CodeIgniter.php(499): CodeIgniter\CodeIgniter->runController(Object(App\Controllers\Mycontroller))
 6 SYSTEMPATH\CodeIgniter.php(368): CodeIgniter\CodeIgniter->handleRequest(null, Object(Config\Cache), false)
 7 FCPATH\index.php(67): CodeIgniter\CodeIgniter->run()
CRITICAL - 2023-06-05 11:39:32 --> Invalid file: "admin-login.php"
in SYSTEMPATH\Exceptions\FrameworkException.php on line 33.
 1 SYSTEMPATH\View\View.php(201): CodeIgniter\Exceptions\FrameworkException::forInvalidFile('admin-login.php')
 2 SYSTEMPATH\Common.php(1184): CodeIgniter\View\View->render('admin-login', [], true)
 3 APPPATH\Controllers\Mycontroller.php(59): view('admin-login')
 4 SYSTEMPATH\CodeIgniter.php(934): App\Controllers\Mycontroller->admin_login()
 5 SYSTEMPATH\CodeIgniter.php(499): CodeIgniter\CodeIgniter->runController(Object(App\Controllers\Mycontroller))
 6 SYSTEMPATH\CodeIgniter.php(368): CodeIgniter\CodeIgniter->handleRequest(null, Object(Config\Cache), false)
 7 FCPATH\index.php(67): CodeIgniter\CodeIgniter->run()
CRITICAL - 2023-06-05 11:39:33 --> Invalid file: "admin-login.php"
in SYSTEMPATH\Exceptions\FrameworkException.php on line 33.
 1 SYSTEMPATH\View\View.php(201): CodeIgniter\Exceptions\FrameworkException::forInvalidFile('admin-login.php')
 2 SYSTEMPATH\Common.php(1184): CodeIgniter\View\View->render('admin-login', [], true)
 3 APPPATH\Controllers\Mycontroller.php(59): view('admin-login')
 4 SYSTEMPATH\CodeIgniter.php(934): App\Controllers\Mycontroller->admin_login()
 5 SYSTEMPATH\CodeIgniter.php(499): CodeIgniter\CodeIgniter->runController(Object(App\Controllers\Mycontroller))
 6 SYSTEMPATH\CodeIgniter.php(368): CodeIgniter\CodeIgniter->handleRequest(null, Object(Config\Cache), false)
 7 FCPATH\index.php(67): CodeIgniter\CodeIgniter->run()
CRITICAL - 2023-06-05 11:39:58 --> Invalid file: "admin-login.php"
in SYSTEMPATH\Exceptions\FrameworkException.php on line 33.
 1 SYSTEMPATH\View\View.php(201): CodeIgniter\Exceptions\FrameworkException::forInvalidFile('admin-login.php')
 2 SYSTEMPATH\Common.php(1184): CodeIgniter\View\View->render('admin-login', [], true)
 3 APPPATH\Controllers\Mycontroller.php(59): view('admin-login')
 4 SYSTEMPATH\CodeIgniter.php(934): App\Controllers\Mycontroller->admin_login()
 5 SYSTEMPATH\CodeIgniter.php(499): CodeIgniter\CodeIgniter->runController(Object(App\Controllers\Mycontroller))
 6 SYSTEMPATH\CodeIgniter.php(368): CodeIgniter\CodeIgniter->handleRequest(null, Object(Config\Cache), false)
 7 FCPATH\index.php(67): CodeIgniter\CodeIgniter->run()
CRITICAL - 2023-06-05 12:14:48 --> syntax error, unexpected token "<"
in APPPATH\Controllers\Mycontroller.php on line 76.
 1 SYSTEMPATH\Autoloader\Autoloader.php(289): CodeIgniter\Autoloader\Autoloader->includeFile('C:\\xampp\\htdocs\\project1\\app\\Controllers\\Mycontroller.php')
 2 SYSTEMPATH\Autoloader\Autoloader.php(267): CodeIgniter\Autoloader\Autoloader->loadInNamespace('App\\Controllers\\Mycontroller')
 3 [internal function]: CodeIgniter\Autoloader\Autoloader->loadClass('App\\Controllers\\Mycontroller')
 4 SYSTEMPATH\CodeIgniter.php(892): class_exists('\\App\\Controllers\\Mycontroller', true)
 5 SYSTEMPATH\CodeIgniter.php(486): CodeIgniter\CodeIgniter->startController()
 6 SYSTEMPATH\CodeIgniter.php(368): CodeIgniter\CodeIgniter->handleRequest(null, Object(Config\Cache), false)
 7 FCPATH\index.php(67): CodeIgniter\CodeIgniter->run()
CRITICAL - 2023-06-05 12:21:09 --> Call to undefined function App\Controllers\to()
in APPPATH\Controllers\Mycontroller.php on line 76.
 1 SYSTEMPATH\CodeIgniter.php(934): App\Controllers\Mycontroller->dologin()
 2 SYSTEMPATH\CodeIgniter.php(499): CodeIgniter\CodeIgniter->runController(Object(App\Controllers\Mycontroller))
 3 SYSTEMPATH\CodeIgniter.php(368): CodeIgniter\CodeIgniter->handleRequest(null, Object(Config\Cache), false)
 4 FCPATH\index.php(67): CodeIgniter\CodeIgniter->run()
CRITICAL - 2023-06-05 12:34:50 --> syntax error, unexpected token "public", expecting end of file
in APPPATH\Controllers\Mycontroller.php on line 90.
 1 SYSTEMPATH\Autoloader\Autoloader.php(289): CodeIgniter\Autoloader\Autoloader->includeFile('C:\\xampp\\htdocs\\project1\\app\\Controllers\\Mycontroller.php')
 2 SYSTEMPATH\Autoloader\Autoloader.php(267): CodeIgniter\Autoloader\Autoloader->loadInNamespace('App\\Controllers\\Mycontroller')
 3 [internal function]: CodeIgniter\Autoloader\Autoloader->loadClass('App\\Controllers\\Mycontroller')
 4 SYSTEMPATH\CodeIgniter.php(892): class_exists('\\App\\Controllers\\Mycontroller', true)
 5 SYSTEMPATH\CodeIgniter.php(486): CodeIgniter\CodeIgniter->startController()
 6 SYSTEMPATH\CodeIgniter.php(368): CodeIgniter\CodeIgniter->handleRequest(null, Object(Config\Cache), false)
 7 FCPATH\index.php(67): CodeIgniter\CodeIgniter->run()
CRITICAL - 2023-06-05 12:35:23 --> Unterminated comment starting line 79
in APPPATH\Controllers\Mycontroller.php on line 79.
 1 SYSTEMPATH\Autoloader\Autoloader.php(289): CodeIgniter\Autoloader\Autoloader->includeFile('C:\\xampp\\htdocs\\project1\\app\\Controllers\\Mycontroller.php')
 2 SYSTEMPATH\Autoloader\Autoloader.php(267): CodeIgniter\Autoloader\Autoloader->loadInNamespace('App\\Controllers\\Mycontroller')
 3 [internal function]: CodeIgniter\Autoloader\Autoloader->loadClass('App\\Controllers\\Mycontroller')
 4 SYSTEMPATH\CodeIgniter.php(892): class_exists('\\App\\Controllers\\Mycontroller', true)
 5 SYSTEMPATH\CodeIgniter.php(486): CodeIgniter\CodeIgniter->startController()
 6 SYSTEMPATH\CodeIgniter.php(368): CodeIgniter\CodeIgniter->handleRequest(null, Object(Config\Cache), false)
 7 FCPATH\index.php(67): CodeIgniter\CodeIgniter->run()
