CRITICAL - 2023-06-10 12:44:47 --> Undefined variable $user
in APPPATH\Controllers\Mycontroller.php on line 25.
 1 APPPATH\Controllers\Mycontroller.php(25): CodeIgniter\Debug\Exceptions->errorHandler(2, 'Undefined variable $user', 'C:\\xampp\\htdocs\\project1\\app\\Controllers\\Mycontroller.php', 25)
 2 SYSTEMPATH\CodeIgniter.php(934): App\Controllers\Mycontroller->adduser()
 3 SYSTEMPATH\CodeIgniter.php(499): CodeIgniter\CodeIgniter->runController(Object(App\Controllers\Mycontroller))
 4 SYSTEMPATH\CodeIgniter.php(368): CodeIgniter\CodeIgniter->handleRequest(null, Object(Config\Cache), false)
 5 FCPATH\index.php(67): CodeIgniter\CodeIgniter->run()
CRITICAL - 2023-06-10 12:45:31 --> Undefined variable $user
in APPPATH\Controllers\Mycontroller.php on line 25.
 1 APPPATH\Controllers\Mycontroller.php(25): CodeIgniter\Debug\Exceptions->errorHandler(2, 'Undefined variable $user', 'C:\\xampp\\htdocs\\project1\\app\\Controllers\\Mycontroller.php', 25)
 2 SYSTEMPATH\CodeIgniter.php(934): App\Controllers\Mycontroller->adduser()
 3 SYSTEMPATH\CodeIgniter.php(499): CodeIgniter\CodeIgniter->runController(Object(App\Controllers\Mycontroller))
 4 SYSTEMPATH\CodeIgniter.php(368): CodeIgniter\CodeIgniter->handleRequest(null, Object(Config\Cache), false)
 5 FCPATH\index.php(67): CodeIgniter\CodeIgniter->run()
CRITICAL - 2023-06-10 12:49:56 --> Undefined variable $model
in APPPATH\Controllers\Mycontroller.php on line 12.
 1 APPPATH\Controllers\Mycontroller.php(12): CodeIgniter\Debug\Exceptions->errorHandler(2, 'Undefined variable $model', 'C:\\xampp\\htdocs\\project1\\app\\Controllers\\Mycontroller.php', 12)
 2 SYSTEMPATH\CodeIgniter.php(934): App\Controllers\Mycontroller->index()
 3 SYSTEMPATH\CodeIgniter.php(499): CodeIgniter\CodeIgniter->runController(Object(App\Controllers\Mycontroller))
 4 SYSTEMPATH\CodeIgniter.php(368): CodeIgniter\CodeIgniter->handleRequest(null, Object(Config\Cache), false)
 5 FCPATH\index.php(67): CodeIgniter\CodeIgniter->run()
CRITICAL - 2023-06-10 13:16:12 --> Invalid file: "signup.php"
in SYSTEMPATH\Exceptions\FrameworkException.php on line 33.
 1 SYSTEMPATH\View\View.php(201): CodeIgniter\Exceptions\FrameworkException::forInvalidFile('signup.php')
 2 SYSTEMPATH\Common.php(1184): CodeIgniter\View\View->render('signup', [], true)
 3 APPPATH\Controllers\Mycontroller.php(11): view('signup')
 4 SYSTEMPATH\CodeIgniter.php(934): App\Controllers\Mycontroller->index()
 5 SYSTEMPATH\CodeIgniter.php(499): CodeIgniter\CodeIgniter->runController(Object(App\Controllers\Mycontroller))
 6 SYSTEMPATH\CodeIgniter.php(368): CodeIgniter\CodeIgniter->handleRequest(null, Object(Config\Cache), false)
 7 FCPATH\index.php(67): CodeIgniter\CodeIgniter->run()
CRITICAL - 2023-06-10 14:47:08 --> Invalid file: "dashboard.php"
in SYSTEMPATH\Exceptions\FrameworkException.php on line 33.
 1 SYSTEMPATH\View\View.php(201): CodeIgniter\Exceptions\FrameworkException::forInvalidFile('dashboard.php')
 2 SYSTEMPATH\Common.php(1184): CodeIgniter\View\View->render('dashboard', [], true)
 3 APPPATH\Controllers\Mycontroller.php(41): view('dashboard')
 4 SYSTEMPATH\CodeIgniter.php(934): App\Controllers\Mycontroller->myresume()
 5 SYSTEMPATH\CodeIgniter.php(499): CodeIgniter\CodeIgniter->runController(Object(App\Controllers\Mycontroller))
 6 SYSTEMPATH\CodeIgniter.php(368): CodeIgniter\CodeIgniter->handleRequest(null, Object(Config\Cache), false)
 7 FCPATH\index.php(67): CodeIgniter\CodeIgniter->run()
