ERROR - 2023-06-06 09:56:25 --> mysqli_sql_exception: Column 'username' cannot be null in C:\xampp\htdocs\project1\system\Database\MySQLi\Connection.php:295
Stack trace:
#0 C:\xampp\htdocs\project1\system\Database\MySQLi\Connection.php(295): mysqli->query('INSERT INTO `us...', 0)
#1 C:\xampp\htdocs\project1\system\Database\BaseConnection.php(692): CodeIgniter\Database\MySQLi\Connection->execute('INSERT INTO `us...')
#2 C:\xampp\htdocs\project1\system\Database\BaseConnection.php(606): CodeIgniter\Database\BaseConnection->simpleQuery('INSERT INTO `us...')
#3 C:\xampp\htdocs\project1\system\Database\BaseBuilder.php(2309): CodeIgniter\Database\BaseConnection->query('INSERT INTO `us...', Array, false)
#4 C:\xampp\htdocs\project1\system\Model.php(330): CodeIgniter\Database\BaseBuilder->insert()
#5 C:\xampp\htdocs\project1\system\BaseModel.php(782): CodeIgniter\Model->doInsert(Array)
#6 C:\xampp\htdocs\project1\system\Model.php(730): CodeIgniter\BaseModel->insert(Array, true)
#7 C:\xampp\htdocs\project1\app\Models\UserModel.php(20): CodeIgniter\Model->insert(Array)
#8 C:\xampp\htdocs\project1\app\Controllers\Mycontroller.php(20): App\Models\UserModel->insertuser(Array)
#9 C:\xampp\htdocs\project1\system\CodeIgniter.php(934): App\Controllers\Mycontroller->adduser()
#10 C:\xampp\htdocs\project1\system\CodeIgniter.php(499): CodeIgniter\CodeIgniter->runController(Object(App\Controllers\Mycontroller))
#11 C:\xampp\htdocs\project1\system\CodeIgniter.php(368): CodeIgniter\CodeIgniter->handleRequest(NULL, Object(Config\Cache), false)
#12 C:\xampp\htdocs\project1\index.php(67): CodeIgniter\CodeIgniter->run()
#13 {main}
CRITICAL - 2023-06-06 09:56:25 --> Column 'username' cannot be null
in SYSTEMPATH\Database\MySQLi\Connection.php on line 295.
 1 SYSTEMPATH\Database\MySQLi\Connection.php(295): mysqli->query('INSERT INTO `users` (`username`, `password`, `role`) VALUES (NULL, \'1234\', \'Agent\')', 0)
 2 SYSTEMPATH\Database\BaseConnection.php(692): CodeIgniter\Database\MySQLi\Connection->execute('INSERT INTO `users` (`username`, `password`, `role`) VALUES (NULL, \'1234\', \'Agent\')')
 3 SYSTEMPATH\Database\BaseConnection.php(606): CodeIgniter\Database\BaseConnection->simpleQuery('INSERT INTO `users` (`username`, `password`, `role`) VALUES (NULL, \'1234\', \'Agent\')')
 4 SYSTEMPATH\Database\BaseBuilder.php(2309): CodeIgniter\Database\BaseConnection->query('INSERT INTO `users` (`username`, `password`, `role`) VALUES (:username:, :password:, :role:)', [...], false)
 5 SYSTEMPATH\Model.php(330): CodeIgniter\Database\BaseBuilder->insert()
 6 SYSTEMPATH\BaseModel.php(782): CodeIgniter\Model->doInsert([...])
 7 SYSTEMPATH\Model.php(730): CodeIgniter\BaseModel->insert([...], true)
 8 APPPATH\Models\UserModel.php(20): CodeIgniter\Model->insert([...])
 9 APPPATH\Controllers\Mycontroller.php(20): App\Models\UserModel->insertuser([...])
10 SYSTEMPATH\CodeIgniter.php(934): App\Controllers\Mycontroller->adduser()
11 SYSTEMPATH\CodeIgniter.php(499): CodeIgniter\CodeIgniter->runController(Object(App\Controllers\Mycontroller))
12 SYSTEMPATH\CodeIgniter.php(368): CodeIgniter\CodeIgniter->handleRequest(null, Object(Config\Cache), false)
13 FCPATH\index.php(67): CodeIgniter\CodeIgniter->run()
ERROR - 2023-06-06 09:57:48 --> mysqli_sql_exception: Column 'username' cannot be null in C:\xampp\htdocs\project1\system\Database\MySQLi\Connection.php:295
Stack trace:
#0 C:\xampp\htdocs\project1\system\Database\MySQLi\Connection.php(295): mysqli->query('INSERT INTO `us...', 0)
#1 C:\xampp\htdocs\project1\system\Database\BaseConnection.php(692): CodeIgniter\Database\MySQLi\Connection->execute('INSERT INTO `us...')
#2 C:\xampp\htdocs\project1\system\Database\BaseConnection.php(606): CodeIgniter\Database\BaseConnection->simpleQuery('INSERT INTO `us...')
#3 C:\xampp\htdocs\project1\system\Database\BaseBuilder.php(2309): CodeIgniter\Database\BaseConnection->query('INSERT INTO `us...', Array, false)
#4 C:\xampp\htdocs\project1\system\Model.php(330): CodeIgniter\Database\BaseBuilder->insert()
#5 C:\xampp\htdocs\project1\system\BaseModel.php(782): CodeIgniter\Model->doInsert(Array)
#6 C:\xampp\htdocs\project1\system\Model.php(730): CodeIgniter\BaseModel->insert(Array, true)
#7 C:\xampp\htdocs\project1\app\Models\UserModel.php(20): CodeIgniter\Model->insert(Array)
#8 C:\xampp\htdocs\project1\app\Controllers\Mycontroller.php(20): App\Models\UserModel->insertuser(Array)
#9 C:\xampp\htdocs\project1\system\CodeIgniter.php(934): App\Controllers\Mycontroller->adduser()
#10 C:\xampp\htdocs\project1\system\CodeIgniter.php(499): CodeIgniter\CodeIgniter->runController(Object(App\Controllers\Mycontroller))
#11 C:\xampp\htdocs\project1\system\CodeIgniter.php(368): CodeIgniter\CodeIgniter->handleRequest(NULL, Object(Config\Cache), false)
#12 C:\xampp\htdocs\project1\index.php(67): CodeIgniter\CodeIgniter->run()
#13 {main}
CRITICAL - 2023-06-06 09:57:48 --> Column 'username' cannot be null
in SYSTEMPATH\Database\MySQLi\Connection.php on line 295.
 1 SYSTEMPATH\Database\MySQLi\Connection.php(295): mysqli->query('INSERT INTO `users` (`username`, `password`, `role`) VALUES (NULL, \'1234\', \'Agent\')', 0)
 2 SYSTEMPATH\Database\BaseConnection.php(692): CodeIgniter\Database\MySQLi\Connection->execute('INSERT INTO `users` (`username`, `password`, `role`) VALUES (NULL, \'1234\', \'Agent\')')
 3 SYSTEMPATH\Database\BaseConnection.php(606): CodeIgniter\Database\BaseConnection->simpleQuery('INSERT INTO `users` (`username`, `password`, `role`) VALUES (NULL, \'1234\', \'Agent\')')
 4 SYSTEMPATH\Database\BaseBuilder.php(2309): CodeIgniter\Database\BaseConnection->query('INSERT INTO `users` (`username`, `password`, `role`) VALUES (:username:, :password:, :role:)', [...], false)
 5 SYSTEMPATH\Model.php(330): CodeIgniter\Database\BaseBuilder->insert()
 6 SYSTEMPATH\BaseModel.php(782): CodeIgniter\Model->doInsert([...])
 7 SYSTEMPATH\Model.php(730): CodeIgniter\BaseModel->insert([...], true)
 8 APPPATH\Models\UserModel.php(20): CodeIgniter\Model->insert([...])
 9 APPPATH\Controllers\Mycontroller.php(20): App\Models\UserModel->insertuser([...])
10 SYSTEMPATH\CodeIgniter.php(934): App\Controllers\Mycontroller->adduser()
11 SYSTEMPATH\CodeIgniter.php(499): CodeIgniter\CodeIgniter->runController(Object(App\Controllers\Mycontroller))
12 SYSTEMPATH\CodeIgniter.php(368): CodeIgniter\CodeIgniter->handleRequest(null, Object(Config\Cache), false)
13 FCPATH\index.php(67): CodeIgniter\CodeIgniter->run()
ERROR - 2023-06-06 10:02:59 --> mysqli_sql_exception: Column 'username' cannot be null in C:\xampp\htdocs\project1\system\Database\MySQLi\Connection.php:295
Stack trace:
#0 C:\xampp\htdocs\project1\system\Database\MySQLi\Connection.php(295): mysqli->query('INSERT INTO `us...', 0)
#1 C:\xampp\htdocs\project1\system\Database\BaseConnection.php(692): CodeIgniter\Database\MySQLi\Connection->execute('INSERT INTO `us...')
#2 C:\xampp\htdocs\project1\system\Database\BaseConnection.php(606): CodeIgniter\Database\BaseConnection->simpleQuery('INSERT INTO `us...')
#3 C:\xampp\htdocs\project1\system\Database\BaseBuilder.php(2309): CodeIgniter\Database\BaseConnection->query('INSERT INTO `us...', Array, false)
#4 C:\xampp\htdocs\project1\system\Model.php(330): CodeIgniter\Database\BaseBuilder->insert()
#5 C:\xampp\htdocs\project1\system\BaseModel.php(782): CodeIgniter\Model->doInsert(Array)
#6 C:\xampp\htdocs\project1\system\Model.php(730): CodeIgniter\BaseModel->insert(Array, true)
#7 C:\xampp\htdocs\project1\app\Models\UserModel.php(20): CodeIgniter\Model->insert(Array)
#8 C:\xampp\htdocs\project1\app\Controllers\Mycontroller.php(20): App\Models\UserModel->insertuser(Array)
#9 C:\xampp\htdocs\project1\system\CodeIgniter.php(934): App\Controllers\Mycontroller->adduser()
#10 C:\xampp\htdocs\project1\system\CodeIgniter.php(499): CodeIgniter\CodeIgniter->runController(Object(App\Controllers\Mycontroller))
#11 C:\xampp\htdocs\project1\system\CodeIgniter.php(368): CodeIgniter\CodeIgniter->handleRequest(NULL, Object(Config\Cache), false)
#12 C:\xampp\htdocs\project1\index.php(67): CodeIgniter\CodeIgniter->run()
#13 {main}
CRITICAL - 2023-06-06 10:02:59 --> Column 'username' cannot be null
in SYSTEMPATH\Database\MySQLi\Connection.php on line 295.
 1 SYSTEMPATH\Database\MySQLi\Connection.php(295): mysqli->query('INSERT INTO `users` (`username`, `password`, `role`) VALUES (NULL, \'1234\', \'Agent\')', 0)
 2 SYSTEMPATH\Database\BaseConnection.php(692): CodeIgniter\Database\MySQLi\Connection->execute('INSERT INTO `users` (`username`, `password`, `role`) VALUES (NULL, \'1234\', \'Agent\')')
 3 SYSTEMPATH\Database\BaseConnection.php(606): CodeIgniter\Database\BaseConnection->simpleQuery('INSERT INTO `users` (`username`, `password`, `role`) VALUES (NULL, \'1234\', \'Agent\')')
 4 SYSTEMPATH\Database\BaseBuilder.php(2309): CodeIgniter\Database\BaseConnection->query('INSERT INTO `users` (`username`, `password`, `role`) VALUES (:username:, :password:, :role:)', [...], false)
 5 SYSTEMPATH\Model.php(330): CodeIgniter\Database\BaseBuilder->insert()
 6 SYSTEMPATH\BaseModel.php(782): CodeIgniter\Model->doInsert([...])
 7 SYSTEMPATH\Model.php(730): CodeIgniter\BaseModel->insert([...], true)
 8 APPPATH\Models\UserModel.php(20): CodeIgniter\Model->insert([...])
 9 APPPATH\Controllers\Mycontroller.php(20): App\Models\UserModel->insertuser([...])
10 SYSTEMPATH\CodeIgniter.php(934): App\Controllers\Mycontroller->adduser()
11 SYSTEMPATH\CodeIgniter.php(499): CodeIgniter\CodeIgniter->runController(Object(App\Controllers\Mycontroller))
12 SYSTEMPATH\CodeIgniter.php(368): CodeIgniter\CodeIgniter->handleRequest(null, Object(Config\Cache), false)
13 FCPATH\index.php(67): CodeIgniter\CodeIgniter->run()
CRITICAL - 2023-06-06 10:23:01 --> Undefined array key "id"
in APPPATH\Views\user_update.php on line 100.
 1 APPPATH\Views\user_update.php(100): CodeIgniter\Debug\Exceptions->errorHandler(2, 'Undefined array key "id"', 'C:\\xampp\\htdocs\\project1\\app\\Views\\user_update.php', 100)
 2 SYSTEMPATH\View\View.php(213): include('C:\\xampp\\htdocs\\project1\\app\\Views\\user_update.php')
 3 SYSTEMPATH\View\View.php(216): CodeIgniter\View\View->CodeIgniter\View\{closure}()
 4 SYSTEMPATH\Common.php(1184): CodeIgniter\View\View->render('user_update', [], true)
 5 APPPATH\Controllers\Mycontroller.php(43): view('user_update', [...])
 6 SYSTEMPATH\CodeIgniter.php(934): App\Controllers\Mycontroller->update('4')
 7 SYSTEMPATH\CodeIgniter.php(499): CodeIgniter\CodeIgniter->runController(Object(App\Controllers\Mycontroller))
 8 SYSTEMPATH\CodeIgniter.php(368): CodeIgniter\CodeIgniter->handleRequest(null, Object(Config\Cache), false)
 9 FCPATH\index.php(67): CodeIgniter\CodeIgniter->run()
CRITICAL - 2023-06-06 16:25:52 --> Cannot redeclare App\Controllers\Mycontroller::adduser()
in APPPATH\Controllers\Mycontroller.php on line 104.
 1 [internal function]: CodeIgniter\Debug\Exceptions->shutdownHandler()
ERROR - 2023-06-06 16:30:49 --> mysqli_sql_exception: Column 'password' cannot be null in C:\xampp\htdocs\project1\system\Database\MySQLi\Connection.php:295
Stack trace:
#0 C:\xampp\htdocs\project1\system\Database\MySQLi\Connection.php(295): mysqli->query('INSERT INTO `us...', 0)
#1 C:\xampp\htdocs\project1\system\Database\BaseConnection.php(692): CodeIgniter\Database\MySQLi\Connection->execute('INSERT INTO `us...')
#2 C:\xampp\htdocs\project1\system\Database\BaseConnection.php(606): CodeIgniter\Database\BaseConnection->simpleQuery('INSERT INTO `us...')
#3 C:\xampp\htdocs\project1\system\Database\BaseBuilder.php(2309): CodeIgniter\Database\BaseConnection->query('INSERT INTO `us...', Array, false)
#4 C:\xampp\htdocs\project1\system\Model.php(330): CodeIgniter\Database\BaseBuilder->insert()
#5 C:\xampp\htdocs\project1\system\BaseModel.php(782): CodeIgniter\Model->doInsert(Array)
#6 C:\xampp\htdocs\project1\system\Model.php(730): CodeIgniter\BaseModel->insert(Array, true)
#7 C:\xampp\htdocs\project1\app\Models\UserModel.php(20): CodeIgniter\Model->insert(Array)
#8 C:\xampp\htdocs\project1\app\Controllers\Mycontroller.php(21): App\Models\UserModel->insertuser(Array)
#9 C:\xampp\htdocs\project1\system\CodeIgniter.php(934): App\Controllers\Mycontroller->adduser()
#10 C:\xampp\htdocs\project1\system\CodeIgniter.php(499): CodeIgniter\CodeIgniter->runController(Object(App\Controllers\Mycontroller))
#11 C:\xampp\htdocs\project1\system\CodeIgniter.php(368): CodeIgniter\CodeIgniter->handleRequest(NULL, Object(Config\Cache), false)
#12 C:\xampp\htdocs\project1\index.php(67): CodeIgniter\CodeIgniter->run()
#13 {main}
CRITICAL - 2023-06-06 16:30:49 --> Column 'password' cannot be null
in SYSTEMPATH\Database\MySQLi\Connection.php on line 295.
 1 SYSTEMPATH\Database\MySQLi\Connection.php(295): mysqli->query('INSERT INTO `users` (`username`, `password`, `role`) VALUES (\'Mrinal Ganguli\', NULL, NULL)', 0)
 2 SYSTEMPATH\Database\BaseConnection.php(692): CodeIgniter\Database\MySQLi\Connection->execute('INSERT INTO `users` (`username`, `password`, `role`) VALUES (\'Mrinal Ganguli\', NULL, NULL)')
 3 SYSTEMPATH\Database\BaseConnection.php(606): CodeIgniter\Database\BaseConnection->simpleQuery('INSERT INTO `users` (`username`, `password`, `role`) VALUES (\'Mrinal Ganguli\', NULL, NULL)')
 4 SYSTEMPATH\Database\BaseBuilder.php(2309): CodeIgniter\Database\BaseConnection->query('INSERT INTO `users` (`username`, `password`, `role`) VALUES (:username:, :password:, :role:)', [...], false)
 5 SYSTEMPATH\Model.php(330): CodeIgniter\Database\BaseBuilder->insert()
 6 SYSTEMPATH\BaseModel.php(782): CodeIgniter\Model->doInsert([...])
 7 SYSTEMPATH\Model.php(730): CodeIgniter\BaseModel->insert([...], true)
 8 APPPATH\Models\UserModel.php(20): CodeIgniter\Model->insert([...])
 9 APPPATH\Controllers\Mycontroller.php(21): App\Models\UserModel->insertuser([...])
10 SYSTEMPATH\CodeIgniter.php(934): App\Controllers\Mycontroller->adduser()
11 SYSTEMPATH\CodeIgniter.php(499): CodeIgniter\CodeIgniter->runController(Object(App\Controllers\Mycontroller))
12 SYSTEMPATH\CodeIgniter.php(368): CodeIgniter\CodeIgniter->handleRequest(null, Object(Config\Cache), false)
13 FCPATH\index.php(67): CodeIgniter\CodeIgniter->run()
ERROR - 2023-06-06 16:33:01 --> mysqli_sql_exception: Column 'password' cannot be null in C:\xampp\htdocs\project1\system\Database\MySQLi\Connection.php:295
Stack trace:
#0 C:\xampp\htdocs\project1\system\Database\MySQLi\Connection.php(295): mysqli->query('INSERT INTO `us...', 0)
#1 C:\xampp\htdocs\project1\system\Database\BaseConnection.php(692): CodeIgniter\Database\MySQLi\Connection->execute('INSERT INTO `us...')
#2 C:\xampp\htdocs\project1\system\Database\BaseConnection.php(606): CodeIgniter\Database\BaseConnection->simpleQuery('INSERT INTO `us...')
#3 C:\xampp\htdocs\project1\system\Database\BaseBuilder.php(2309): CodeIgniter\Database\BaseConnection->query('INSERT INTO `us...', Array, false)
#4 C:\xampp\htdocs\project1\system\Model.php(330): CodeIgniter\Database\BaseBuilder->insert()
#5 C:\xampp\htdocs\project1\system\BaseModel.php(782): CodeIgniter\Model->doInsert(Array)
#6 C:\xampp\htdocs\project1\system\Model.php(730): CodeIgniter\BaseModel->insert(Array, true)
#7 C:\xampp\htdocs\project1\app\Models\UserModel.php(20): CodeIgniter\Model->insert(Array)
#8 C:\xampp\htdocs\project1\app\Controllers\Mycontroller.php(21): App\Models\UserModel->insertuser(Array)
#9 C:\xampp\htdocs\project1\system\CodeIgniter.php(934): App\Controllers\Mycontroller->adduser()
#10 C:\xampp\htdocs\project1\system\CodeIgniter.php(499): CodeIgniter\CodeIgniter->runController(Object(App\Controllers\Mycontroller))
#11 C:\xampp\htdocs\project1\system\CodeIgniter.php(368): CodeIgniter\CodeIgniter->handleRequest(NULL, Object(Config\Cache), false)
#12 C:\xampp\htdocs\project1\index.php(67): CodeIgniter\CodeIgniter->run()
#13 {main}
CRITICAL - 2023-06-06 16:33:01 --> Column 'password' cannot be null
in SYSTEMPATH\Database\MySQLi\Connection.php on line 295.
 1 SYSTEMPATH\Database\MySQLi\Connection.php(295): mysqli->query('INSERT INTO `users` (`username`, `password`, `role`) VALUES (\'Sourav Das\', NULL, NULL)', 0)
 2 SYSTEMPATH\Database\BaseConnection.php(692): CodeIgniter\Database\MySQLi\Connection->execute('INSERT INTO `users` (`username`, `password`, `role`) VALUES (\'Sourav Das\', NULL, NULL)')
 3 SYSTEMPATH\Database\BaseConnection.php(606): CodeIgniter\Database\BaseConnection->simpleQuery('INSERT INTO `users` (`username`, `password`, `role`) VALUES (\'Sourav Das\', NULL, NULL)')
 4 SYSTEMPATH\Database\BaseBuilder.php(2309): CodeIgniter\Database\BaseConnection->query('INSERT INTO `users` (`username`, `password`, `role`) VALUES (:username:, :password:, :role:)', [...], false)
 5 SYSTEMPATH\Model.php(330): CodeIgniter\Database\BaseBuilder->insert()
 6 SYSTEMPATH\BaseModel.php(782): CodeIgniter\Model->doInsert([...])
 7 SYSTEMPATH\Model.php(730): CodeIgniter\BaseModel->insert([...], true)
 8 APPPATH\Models\UserModel.php(20): CodeIgniter\Model->insert([...])
 9 APPPATH\Controllers\Mycontroller.php(21): App\Models\UserModel->insertuser([...])
10 SYSTEMPATH\CodeIgniter.php(934): App\Controllers\Mycontroller->adduser()
11 SYSTEMPATH\CodeIgniter.php(499): CodeIgniter\CodeIgniter->runController(Object(App\Controllers\Mycontroller))
12 SYSTEMPATH\CodeIgniter.php(368): CodeIgniter\CodeIgniter->handleRequest(null, Object(Config\Cache), false)
13 FCPATH\index.php(67): CodeIgniter\CodeIgniter->run()
ERROR - 2023-06-06 16:33:58 --> mysqli_sql_exception: Column 'password' cannot be null in C:\xampp\htdocs\project1\system\Database\MySQLi\Connection.php:295
Stack trace:
#0 C:\xampp\htdocs\project1\system\Database\MySQLi\Connection.php(295): mysqli->query('INSERT INTO `us...', 0)
#1 C:\xampp\htdocs\project1\system\Database\BaseConnection.php(692): CodeIgniter\Database\MySQLi\Connection->execute('INSERT INTO `us...')
#2 C:\xampp\htdocs\project1\system\Database\BaseConnection.php(606): CodeIgniter\Database\BaseConnection->simpleQuery('INSERT INTO `us...')
#3 C:\xampp\htdocs\project1\system\Database\BaseBuilder.php(2309): CodeIgniter\Database\BaseConnection->query('INSERT INTO `us...', Array, false)
#4 C:\xampp\htdocs\project1\system\Model.php(330): CodeIgniter\Database\BaseBuilder->insert()
#5 C:\xampp\htdocs\project1\system\BaseModel.php(782): CodeIgniter\Model->doInsert(Array)
#6 C:\xampp\htdocs\project1\system\Model.php(730): CodeIgniter\BaseModel->insert(Array, true)
#7 C:\xampp\htdocs\project1\app\Models\UserModel.php(20): CodeIgniter\Model->insert(Array)
#8 C:\xampp\htdocs\project1\app\Controllers\Mycontroller.php(21): App\Models\UserModel->insertuser(Array)
#9 C:\xampp\htdocs\project1\system\CodeIgniter.php(934): App\Controllers\Mycontroller->adduser()
#10 C:\xampp\htdocs\project1\system\CodeIgniter.php(499): CodeIgniter\CodeIgniter->runController(Object(App\Controllers\Mycontroller))
#11 C:\xampp\htdocs\project1\system\CodeIgniter.php(368): CodeIgniter\CodeIgniter->handleRequest(NULL, Object(Config\Cache), false)
#12 C:\xampp\htdocs\project1\index.php(67): CodeIgniter\CodeIgniter->run()
#13 {main}
CRITICAL - 2023-06-06 16:33:58 --> Column 'password' cannot be null
in SYSTEMPATH\Database\MySQLi\Connection.php on line 295.
 1 SYSTEMPATH\Database\MySQLi\Connection.php(295): mysqli->query('INSERT INTO `users` (`username`, `password`, `role`) VALUES (\'Sourav Das\', NULL, NULL)', 0)
 2 SYSTEMPATH\Database\BaseConnection.php(692): CodeIgniter\Database\MySQLi\Connection->execute('INSERT INTO `users` (`username`, `password`, `role`) VALUES (\'Sourav Das\', NULL, NULL)')
 3 SYSTEMPATH\Database\BaseConnection.php(606): CodeIgniter\Database\BaseConnection->simpleQuery('INSERT INTO `users` (`username`, `password`, `role`) VALUES (\'Sourav Das\', NULL, NULL)')
 4 SYSTEMPATH\Database\BaseBuilder.php(2309): CodeIgniter\Database\BaseConnection->query('INSERT INTO `users` (`username`, `password`, `role`) VALUES (:username:, :password:, :role:)', [...], false)
 5 SYSTEMPATH\Model.php(330): CodeIgniter\Database\BaseBuilder->insert()
 6 SYSTEMPATH\BaseModel.php(782): CodeIgniter\Model->doInsert([...])
 7 SYSTEMPATH\Model.php(730): CodeIgniter\BaseModel->insert([...], true)
 8 APPPATH\Models\UserModel.php(20): CodeIgniter\Model->insert([...])
 9 APPPATH\Controllers\Mycontroller.php(21): App\Models\UserModel->insertuser([...])
10 SYSTEMPATH\CodeIgniter.php(934): App\Controllers\Mycontroller->adduser()
11 SYSTEMPATH\CodeIgniter.php(499): CodeIgniter\CodeIgniter->runController(Object(App\Controllers\Mycontroller))
12 SYSTEMPATH\CodeIgniter.php(368): CodeIgniter\CodeIgniter->handleRequest(null, Object(Config\Cache), false)
13 FCPATH\index.php(67): CodeIgniter\CodeIgniter->run()
ERROR - 2023-06-06 16:39:20 --> mysqli_sql_exception: Column 'lead_name' cannot be null in C:\xampp\htdocs\project1\system\Database\MySQLi\Connection.php:295
Stack trace:
#0 C:\xampp\htdocs\project1\system\Database\MySQLi\Connection.php(295): mysqli->query('INSERT INTO `le...', 0)
#1 C:\xampp\htdocs\project1\system\Database\BaseConnection.php(692): CodeIgniter\Database\MySQLi\Connection->execute('INSERT INTO `le...')
#2 C:\xampp\htdocs\project1\system\Database\BaseConnection.php(606): CodeIgniter\Database\BaseConnection->simpleQuery('INSERT INTO `le...')
#3 C:\xampp\htdocs\project1\system\Database\BaseBuilder.php(2309): CodeIgniter\Database\BaseConnection->query('INSERT INTO `le...', Array, false)
#4 C:\xampp\htdocs\project1\system\Model.php(330): CodeIgniter\Database\BaseBuilder->insert()
#5 C:\xampp\htdocs\project1\system\BaseModel.php(782): CodeIgniter\Model->doInsert(Array)
#6 C:\xampp\htdocs\project1\system\Model.php(730): CodeIgniter\BaseModel->insert(Array, true)
#7 C:\xampp\htdocs\project1\app\Models\UserModel1.php(20): CodeIgniter\Model->insert(Array)
#8 C:\xampp\htdocs\project1\app\Controllers\Mycontroller.php(114): App\Models\UserModel1->insertuser(Array)
#9 C:\xampp\htdocs\project1\system\CodeIgniter.php(934): App\Controllers\Mycontroller->adduser1()
#10 C:\xampp\htdocs\project1\system\CodeIgniter.php(499): CodeIgniter\CodeIgniter->runController(Object(App\Controllers\Mycontroller))
#11 C:\xampp\htdocs\project1\system\CodeIgniter.php(368): CodeIgniter\CodeIgniter->handleRequest(NULL, Object(Config\Cache), false)
#12 C:\xampp\htdocs\project1\index.php(67): CodeIgniter\CodeIgniter->run()
#13 {main}
CRITICAL - 2023-06-06 16:39:20 --> Column 'lead_name' cannot be null
in SYSTEMPATH\Database\MySQLi\Connection.php on line 295.
 1 SYSTEMPATH\Database\MySQLi\Connection.php(295): mysqli->query('INSERT INTO `leads` (`lead_name`, `lead_email`, `lead_phone`, `lead_status`, `assigned_agent_id`) VALUES (NULL, NULL, NULL, NULL, NULL)', 0)
 2 SYSTEMPATH\Database\BaseConnection.php(692): CodeIgniter\Database\MySQLi\Connection->execute('INSERT INTO `leads` (`lead_name`, `lead_email`, `lead_phone`, `lead_status`, `assigned_agent_id`) VALUES (NULL, NULL, NULL, NULL, NULL)')
 3 SYSTEMPATH\Database\BaseConnection.php(606): CodeIgniter\Database\BaseConnection->simpleQuery('INSERT INTO `leads` (`lead_name`, `lead_email`, `lead_phone`, `lead_status`, `assigned_agent_id`) VALUES (NULL, NULL, NULL, NULL, NULL)')
 4 SYSTEMPATH\Database\BaseBuilder.php(2309): CodeIgniter\Database\BaseConnection->query('INSERT INTO `leads` (`lead_name`, `lead_email`, `lead_phone`, `lead_status`, `assigned_agent_id`) VALUES (:lead_name:, :lead_email:, :lead_phone:, :lead_status:, :assigned_agent_id:)', [...], false)
 5 SYSTEMPATH\Model.php(330): CodeIgniter\Database\BaseBuilder->insert()
 6 SYSTEMPATH\BaseModel.php(782): CodeIgniter\Model->doInsert([...])
 7 SYSTEMPATH\Model.php(730): CodeIgniter\BaseModel->insert([...], true)
 8 APPPATH\Models\UserModel1.php(20): CodeIgniter\Model->insert([...])
 9 APPPATH\Controllers\Mycontroller.php(114): App\Models\UserModel1->insertuser([...])
10 SYSTEMPATH\CodeIgniter.php(934): App\Controllers\Mycontroller->adduser1()
11 SYSTEMPATH\CodeIgniter.php(499): CodeIgniter\CodeIgniter->runController(Object(App\Controllers\Mycontroller))
12 SYSTEMPATH\CodeIgniter.php(368): CodeIgniter\CodeIgniter->handleRequest(null, Object(Config\Cache), false)
13 FCPATH\index.php(67): CodeIgniter\CodeIgniter->run()
ERROR - 2023-06-06 16:40:07 --> mysqli_sql_exception: Column 'lead_name' cannot be null in C:\xampp\htdocs\project1\system\Database\MySQLi\Connection.php:295
Stack trace:
#0 C:\xampp\htdocs\project1\system\Database\MySQLi\Connection.php(295): mysqli->query('INSERT INTO `le...', 0)
#1 C:\xampp\htdocs\project1\system\Database\BaseConnection.php(692): CodeIgniter\Database\MySQLi\Connection->execute('INSERT INTO `le...')
#2 C:\xampp\htdocs\project1\system\Database\BaseConnection.php(606): CodeIgniter\Database\BaseConnection->simpleQuery('INSERT INTO `le...')
#3 C:\xampp\htdocs\project1\system\Database\BaseBuilder.php(2309): CodeIgniter\Database\BaseConnection->query('INSERT INTO `le...', Array, false)
#4 C:\xampp\htdocs\project1\system\Model.php(330): CodeIgniter\Database\BaseBuilder->insert()
#5 C:\xampp\htdocs\project1\system\BaseModel.php(782): CodeIgniter\Model->doInsert(Array)
#6 C:\xampp\htdocs\project1\system\Model.php(730): CodeIgniter\BaseModel->insert(Array, true)
#7 C:\xampp\htdocs\project1\app\Models\UserModel1.php(20): CodeIgniter\Model->insert(Array)
#8 C:\xampp\htdocs\project1\app\Controllers\Mycontroller.php(114): App\Models\UserModel1->insertuser(Array)
#9 C:\xampp\htdocs\project1\system\CodeIgniter.php(934): App\Controllers\Mycontroller->adduser1()
#10 C:\xampp\htdocs\project1\system\CodeIgniter.php(499): CodeIgniter\CodeIgniter->runController(Object(App\Controllers\Mycontroller))
#11 C:\xampp\htdocs\project1\system\CodeIgniter.php(368): CodeIgniter\CodeIgniter->handleRequest(NULL, Object(Config\Cache), false)
#12 C:\xampp\htdocs\project1\index.php(67): CodeIgniter\CodeIgniter->run()
#13 {main}
CRITICAL - 2023-06-06 16:40:07 --> Column 'lead_name' cannot be null
in SYSTEMPATH\Database\MySQLi\Connection.php on line 295.
 1 SYSTEMPATH\Database\MySQLi\Connection.php(295): mysqli->query('INSERT INTO `leads` (`lead_name`, `lead_email`, `lead_phone`, `lead_status`, `assigned_agent_id`) VALUES (NULL, NULL, NULL, NULL, NULL)', 0)
 2 SYSTEMPATH\Database\BaseConnection.php(692): CodeIgniter\Database\MySQLi\Connection->execute('INSERT INTO `leads` (`lead_name`, `lead_email`, `lead_phone`, `lead_status`, `assigned_agent_id`) VALUES (NULL, NULL, NULL, NULL, NULL)')
 3 SYSTEMPATH\Database\BaseConnection.php(606): CodeIgniter\Database\BaseConnection->simpleQuery('INSERT INTO `leads` (`lead_name`, `lead_email`, `lead_phone`, `lead_status`, `assigned_agent_id`) VALUES (NULL, NULL, NULL, NULL, NULL)')
 4 SYSTEMPATH\Database\BaseBuilder.php(2309): CodeIgniter\Database\BaseConnection->query('INSERT INTO `leads` (`lead_name`, `lead_email`, `lead_phone`, `lead_status`, `assigned_agent_id`) VALUES (:lead_name:, :lead_email:, :lead_phone:, :lead_status:, :assigned_agent_id:)', [...], false)
 5 SYSTEMPATH\Model.php(330): CodeIgniter\Database\BaseBuilder->insert()
 6 SYSTEMPATH\BaseModel.php(782): CodeIgniter\Model->doInsert([...])
 7 SYSTEMPATH\Model.php(730): CodeIgniter\BaseModel->insert([...], true)
 8 APPPATH\Models\UserModel1.php(20): CodeIgniter\Model->insert([...])
 9 APPPATH\Controllers\Mycontroller.php(114): App\Models\UserModel1->insertuser([...])
10 SYSTEMPATH\CodeIgniter.php(934): App\Controllers\Mycontroller->adduser1()
11 SYSTEMPATH\CodeIgniter.php(499): CodeIgniter\CodeIgniter->runController(Object(App\Controllers\Mycontroller))
12 SYSTEMPATH\CodeIgniter.php(368): CodeIgniter\CodeIgniter->handleRequest(null, Object(Config\Cache), false)
13 FCPATH\index.php(67): CodeIgniter\CodeIgniter->run()
ERROR - 2023-06-06 16:40:44 --> mysqli_sql_exception: Column 'lead_name' cannot be null in C:\xampp\htdocs\project1\system\Database\MySQLi\Connection.php:295
Stack trace:
#0 C:\xampp\htdocs\project1\system\Database\MySQLi\Connection.php(295): mysqli->query('INSERT INTO `le...', 0)
#1 C:\xampp\htdocs\project1\system\Database\BaseConnection.php(692): CodeIgniter\Database\MySQLi\Connection->execute('INSERT INTO `le...')
#2 C:\xampp\htdocs\project1\system\Database\BaseConnection.php(606): CodeIgniter\Database\BaseConnection->simpleQuery('INSERT INTO `le...')
#3 C:\xampp\htdocs\project1\system\Database\BaseBuilder.php(2309): CodeIgniter\Database\BaseConnection->query('INSERT INTO `le...', Array, false)
#4 C:\xampp\htdocs\project1\system\Model.php(330): CodeIgniter\Database\BaseBuilder->insert()
#5 C:\xampp\htdocs\project1\system\BaseModel.php(782): CodeIgniter\Model->doInsert(Array)
#6 C:\xampp\htdocs\project1\system\Model.php(730): CodeIgniter\BaseModel->insert(Array, true)
#7 C:\xampp\htdocs\project1\app\Models\UserModel1.php(20): CodeIgniter\Model->insert(Array)
#8 C:\xampp\htdocs\project1\app\Controllers\Mycontroller.php(114): App\Models\UserModel1->insertuser(Array)
#9 C:\xampp\htdocs\project1\system\CodeIgniter.php(934): App\Controllers\Mycontroller->adduser1()
#10 C:\xampp\htdocs\project1\system\CodeIgniter.php(499): CodeIgniter\CodeIgniter->runController(Object(App\Controllers\Mycontroller))
#11 C:\xampp\htdocs\project1\system\CodeIgniter.php(368): CodeIgniter\CodeIgniter->handleRequest(NULL, Object(Config\Cache), false)
#12 C:\xampp\htdocs\project1\index.php(67): CodeIgniter\CodeIgniter->run()
#13 {main}
CRITICAL - 2023-06-06 16:40:44 --> Column 'lead_name' cannot be null
in SYSTEMPATH\Database\MySQLi\Connection.php on line 295.
 1 SYSTEMPATH\Database\MySQLi\Connection.php(295): mysqli->query('INSERT INTO `leads` (`lead_name`, `lead_email`, `lead_phone`, `lead_status`, `assigned_agent_id`) VALUES (NULL, NULL, NULL, NULL, NULL)', 0)
 2 SYSTEMPATH\Database\BaseConnection.php(692): CodeIgniter\Database\MySQLi\Connection->execute('INSERT INTO `leads` (`lead_name`, `lead_email`, `lead_phone`, `lead_status`, `assigned_agent_id`) VALUES (NULL, NULL, NULL, NULL, NULL)')
 3 SYSTEMPATH\Database\BaseConnection.php(606): CodeIgniter\Database\BaseConnection->simpleQuery('INSERT INTO `leads` (`lead_name`, `lead_email`, `lead_phone`, `lead_status`, `assigned_agent_id`) VALUES (NULL, NULL, NULL, NULL, NULL)')
 4 SYSTEMPATH\Database\BaseBuilder.php(2309): CodeIgniter\Database\BaseConnection->query('INSERT INTO `leads` (`lead_name`, `lead_email`, `lead_phone`, `lead_status`, `assigned_agent_id`) VALUES (:lead_name:, :lead_email:, :lead_phone:, :lead_status:, :assigned_agent_id:)', [...], false)
 5 SYSTEMPATH\Model.php(330): CodeIgniter\Database\BaseBuilder->insert()
 6 SYSTEMPATH\BaseModel.php(782): CodeIgniter\Model->doInsert([...])
 7 SYSTEMPATH\Model.php(730): CodeIgniter\BaseModel->insert([...], true)
 8 APPPATH\Models\UserModel1.php(20): CodeIgniter\Model->insert([...])
 9 APPPATH\Controllers\Mycontroller.php(114): App\Models\UserModel1->insertuser([...])
10 SYSTEMPATH\CodeIgniter.php(934): App\Controllers\Mycontroller->adduser1()
11 SYSTEMPATH\CodeIgniter.php(499): CodeIgniter\CodeIgniter->runController(Object(App\Controllers\Mycontroller))
12 SYSTEMPATH\CodeIgniter.php(368): CodeIgniter\CodeIgniter->handleRequest(null, Object(Config\Cache), false)
13 FCPATH\index.php(67): CodeIgniter\CodeIgniter->run()
ERROR - 2023-06-06 16:41:51 --> mysqli_sql_exception: Column 'lead_email' cannot be null in C:\xampp\htdocs\project1\system\Database\MySQLi\Connection.php:295
Stack trace:
#0 C:\xampp\htdocs\project1\system\Database\MySQLi\Connection.php(295): mysqli->query('INSERT INTO `le...', 0)
#1 C:\xampp\htdocs\project1\system\Database\BaseConnection.php(692): CodeIgniter\Database\MySQLi\Connection->execute('INSERT INTO `le...')
#2 C:\xampp\htdocs\project1\system\Database\BaseConnection.php(606): CodeIgniter\Database\BaseConnection->simpleQuery('INSERT INTO `le...')
#3 C:\xampp\htdocs\project1\system\Database\BaseBuilder.php(2309): CodeIgniter\Database\BaseConnection->query('INSERT INTO `le...', Array, false)
#4 C:\xampp\htdocs\project1\system\Model.php(330): CodeIgniter\Database\BaseBuilder->insert()
#5 C:\xampp\htdocs\project1\system\BaseModel.php(782): CodeIgniter\Model->doInsert(Array)
#6 C:\xampp\htdocs\project1\system\Model.php(730): CodeIgniter\BaseModel->insert(Array, true)
#7 C:\xampp\htdocs\project1\app\Models\UserModel1.php(20): CodeIgniter\Model->insert(Array)
#8 C:\xampp\htdocs\project1\app\Controllers\Mycontroller.php(114): App\Models\UserModel1->insertuser(Array)
#9 C:\xampp\htdocs\project1\system\CodeIgniter.php(934): App\Controllers\Mycontroller->adduser1()
#10 C:\xampp\htdocs\project1\system\CodeIgniter.php(499): CodeIgniter\CodeIgniter->runController(Object(App\Controllers\Mycontroller))
#11 C:\xampp\htdocs\project1\system\CodeIgniter.php(368): CodeIgniter\CodeIgniter->handleRequest(NULL, Object(Config\Cache), false)
#12 C:\xampp\htdocs\project1\index.php(67): CodeIgniter\CodeIgniter->run()
#13 {main}
CRITICAL - 2023-06-06 16:41:51 --> Column 'lead_email' cannot be null
in SYSTEMPATH\Database\MySQLi\Connection.php on line 295.
 1 SYSTEMPATH\Database\MySQLi\Connection.php(295): mysqli->query('INSERT INTO `leads` (`lead_name`, `lead_email`, `lead_phone`, `lead_status`, `assigned_agent_id`) VALUES (\'Mrinal Ganguli\', NULL, NULL, NULL, NULL)', 0)
 2 SYSTEMPATH\Database\BaseConnection.php(692): CodeIgniter\Database\MySQLi\Connection->execute('INSERT INTO `leads` (`lead_name`, `lead_email`, `lead_phone`, `lead_status`, `assigned_agent_id`) VALUES (\'Mrinal Ganguli\', NULL, NULL, NULL, NULL)')
 3 SYSTEMPATH\Database\BaseConnection.php(606): CodeIgniter\Database\BaseConnection->simpleQuery('INSERT INTO `leads` (`lead_name`, `lead_email`, `lead_phone`, `lead_status`, `assigned_agent_id`) VALUES (\'Mrinal Ganguli\', NULL, NULL, NULL, NULL)')
 4 SYSTEMPATH\Database\BaseBuilder.php(2309): CodeIgniter\Database\BaseConnection->query('INSERT INTO `leads` (`lead_name`, `lead_email`, `lead_phone`, `lead_status`, `assigned_agent_id`) VALUES (:lead_name:, :lead_email:, :lead_phone:, :lead_status:, :assigned_agent_id:)', [...], false)
 5 SYSTEMPATH\Model.php(330): CodeIgniter\Database\BaseBuilder->insert()
 6 SYSTEMPATH\BaseModel.php(782): CodeIgniter\Model->doInsert([...])
 7 SYSTEMPATH\Model.php(730): CodeIgniter\BaseModel->insert([...], true)
 8 APPPATH\Models\UserModel1.php(20): CodeIgniter\Model->insert([...])
 9 APPPATH\Controllers\Mycontroller.php(114): App\Models\UserModel1->insertuser([...])
10 SYSTEMPATH\CodeIgniter.php(934): App\Controllers\Mycontroller->adduser1()
11 SYSTEMPATH\CodeIgniter.php(499): CodeIgniter\CodeIgniter->runController(Object(App\Controllers\Mycontroller))
12 SYSTEMPATH\CodeIgniter.php(368): CodeIgniter\CodeIgniter->handleRequest(null, Object(Config\Cache), false)
13 FCPATH\index.php(67): CodeIgniter\CodeIgniter->run()
ERROR - 2023-06-06 16:42:33 --> mysqli_sql_exception: Column 'lead_email' cannot be null in C:\xampp\htdocs\project1\system\Database\MySQLi\Connection.php:295
Stack trace:
#0 C:\xampp\htdocs\project1\system\Database\MySQLi\Connection.php(295): mysqli->query('INSERT INTO `le...', 0)
#1 C:\xampp\htdocs\project1\system\Database\BaseConnection.php(692): CodeIgniter\Database\MySQLi\Connection->execute('INSERT INTO `le...')
#2 C:\xampp\htdocs\project1\system\Database\BaseConnection.php(606): CodeIgniter\Database\BaseConnection->simpleQuery('INSERT INTO `le...')
#3 C:\xampp\htdocs\project1\system\Database\BaseBuilder.php(2309): CodeIgniter\Database\BaseConnection->query('INSERT INTO `le...', Array, false)
#4 C:\xampp\htdocs\project1\system\Model.php(330): CodeIgniter\Database\BaseBuilder->insert()
#5 C:\xampp\htdocs\project1\system\BaseModel.php(782): CodeIgniter\Model->doInsert(Array)
#6 C:\xampp\htdocs\project1\system\Model.php(730): CodeIgniter\BaseModel->insert(Array, true)
#7 C:\xampp\htdocs\project1\app\Models\UserModel1.php(20): CodeIgniter\Model->insert(Array)
#8 C:\xampp\htdocs\project1\app\Controllers\Mycontroller.php(114): App\Models\UserModel1->insertuser(Array)
#9 C:\xampp\htdocs\project1\system\CodeIgniter.php(934): App\Controllers\Mycontroller->adduser1()
#10 C:\xampp\htdocs\project1\system\CodeIgniter.php(499): CodeIgniter\CodeIgniter->runController(Object(App\Controllers\Mycontroller))
#11 C:\xampp\htdocs\project1\system\CodeIgniter.php(368): CodeIgniter\CodeIgniter->handleRequest(NULL, Object(Config\Cache), false)
#12 C:\xampp\htdocs\project1\index.php(67): CodeIgniter\CodeIgniter->run()
#13 {main}
CRITICAL - 2023-06-06 16:42:33 --> Column 'lead_email' cannot be null
in SYSTEMPATH\Database\MySQLi\Connection.php on line 295.
 1 SYSTEMPATH\Database\MySQLi\Connection.php(295): mysqli->query('INSERT INTO `leads` (`lead_name`, `lead_email`, `lead_phone`, `lead_status`, `assigned_agent_id`) VALUES (\'Mrinal Ganguli\', NULL, NULL, NULL, NULL)', 0)
 2 SYSTEMPATH\Database\BaseConnection.php(692): CodeIgniter\Database\MySQLi\Connection->execute('INSERT INTO `leads` (`lead_name`, `lead_email`, `lead_phone`, `lead_status`, `assigned_agent_id`) VALUES (\'Mrinal Ganguli\', NULL, NULL, NULL, NULL)')
 3 SYSTEMPATH\Database\BaseConnection.php(606): CodeIgniter\Database\BaseConnection->simpleQuery('INSERT INTO `leads` (`lead_name`, `lead_email`, `lead_phone`, `lead_status`, `assigned_agent_id`) VALUES (\'Mrinal Ganguli\', NULL, NULL, NULL, NULL)')
 4 SYSTEMPATH\Database\BaseBuilder.php(2309): CodeIgniter\Database\BaseConnection->query('INSERT INTO `leads` (`lead_name`, `lead_email`, `lead_phone`, `lead_status`, `assigned_agent_id`) VALUES (:lead_name:, :lead_email:, :lead_phone:, :lead_status:, :assigned_agent_id:)', [...], false)
 5 SYSTEMPATH\Model.php(330): CodeIgniter\Database\BaseBuilder->insert()
 6 SYSTEMPATH\BaseModel.php(782): CodeIgniter\Model->doInsert([...])
 7 SYSTEMPATH\Model.php(730): CodeIgniter\BaseModel->insert([...], true)
 8 APPPATH\Models\UserModel1.php(20): CodeIgniter\Model->insert([...])
 9 APPPATH\Controllers\Mycontroller.php(114): App\Models\UserModel1->insertuser([...])
10 SYSTEMPATH\CodeIgniter.php(934): App\Controllers\Mycontroller->adduser1()
11 SYSTEMPATH\CodeIgniter.php(499): CodeIgniter\CodeIgniter->runController(Object(App\Controllers\Mycontroller))
12 SYSTEMPATH\CodeIgniter.php(368): CodeIgniter\CodeIgniter->handleRequest(null, Object(Config\Cache), false)
13 FCPATH\index.php(67): CodeIgniter\CodeIgniter->run()
ERROR - 2023-06-06 16:42:55 --> mysqli_sql_exception: Column 'lead_phone' cannot be null in C:\xampp\htdocs\project1\system\Database\MySQLi\Connection.php:295
Stack trace:
#0 C:\xampp\htdocs\project1\system\Database\MySQLi\Connection.php(295): mysqli->query('INSERT INTO `le...', 0)
#1 C:\xampp\htdocs\project1\system\Database\BaseConnection.php(692): CodeIgniter\Database\MySQLi\Connection->execute('INSERT INTO `le...')
#2 C:\xampp\htdocs\project1\system\Database\BaseConnection.php(606): CodeIgniter\Database\BaseConnection->simpleQuery('INSERT INTO `le...')
#3 C:\xampp\htdocs\project1\system\Database\BaseBuilder.php(2309): CodeIgniter\Database\BaseConnection->query('INSERT INTO `le...', Array, false)
#4 C:\xampp\htdocs\project1\system\Model.php(330): CodeIgniter\Database\BaseBuilder->insert()
#5 C:\xampp\htdocs\project1\system\BaseModel.php(782): CodeIgniter\Model->doInsert(Array)
#6 C:\xampp\htdocs\project1\system\Model.php(730): CodeIgniter\BaseModel->insert(Array, true)
#7 C:\xampp\htdocs\project1\app\Models\UserModel1.php(20): CodeIgniter\Model->insert(Array)
#8 C:\xampp\htdocs\project1\app\Controllers\Mycontroller.php(114): App\Models\UserModel1->insertuser(Array)
#9 C:\xampp\htdocs\project1\system\CodeIgniter.php(934): App\Controllers\Mycontroller->adduser1()
#10 C:\xampp\htdocs\project1\system\CodeIgniter.php(499): CodeIgniter\CodeIgniter->runController(Object(App\Controllers\Mycontroller))
#11 C:\xampp\htdocs\project1\system\CodeIgniter.php(368): CodeIgniter\CodeIgniter->handleRequest(NULL, Object(Config\Cache), false)
#12 C:\xampp\htdocs\project1\index.php(67): CodeIgniter\CodeIgniter->run()
#13 {main}
CRITICAL - 2023-06-06 16:42:55 --> Column 'lead_phone' cannot be null
in SYSTEMPATH\Database\MySQLi\Connection.php on line 295.
 1 SYSTEMPATH\Database\MySQLi\Connection.php(295): mysqli->query('INSERT INTO `leads` (`lead_name`, `lead_email`, `lead_phone`, `lead_status`, `assigned_agent_id`) VALUES (\'Mrinal Ganguli\', \'mkg@gmail.com\', NULL, NULL, NULL)', 0)
 2 SYSTEMPATH\Database\BaseConnection.php(692): CodeIgniter\Database\MySQLi\Connection->execute('INSERT INTO `leads` (`lead_name`, `lead_email`, `lead_phone`, `lead_status`, `assigned_agent_id`) VALUES (\'Mrinal Ganguli\', \'mkg@gmail.com\', NULL, NULL, NULL)')
 3 SYSTEMPATH\Database\BaseConnection.php(606): CodeIgniter\Database\BaseConnection->simpleQuery('INSERT INTO `leads` (`lead_name`, `lead_email`, `lead_phone`, `lead_status`, `assigned_agent_id`) VALUES (\'Mrinal Ganguli\', \'mkg@gmail.com\', NULL, NULL, NULL)')
 4 SYSTEMPATH\Database\BaseBuilder.php(2309): CodeIgniter\Database\BaseConnection->query('INSERT INTO `leads` (`lead_name`, `lead_email`, `lead_phone`, `lead_status`, `assigned_agent_id`) VALUES (:lead_name:, :lead_email:, :lead_phone:, :lead_status:, :assigned_agent_id:)', [...], false)
 5 SYSTEMPATH\Model.php(330): CodeIgniter\Database\BaseBuilder->insert()
 6 SYSTEMPATH\BaseModel.php(782): CodeIgniter\Model->doInsert([...])
 7 SYSTEMPATH\Model.php(730): CodeIgniter\BaseModel->insert([...], true)
 8 APPPATH\Models\UserModel1.php(20): CodeIgniter\Model->insert([...])
 9 APPPATH\Controllers\Mycontroller.php(114): App\Models\UserModel1->insertuser([...])
10 SYSTEMPATH\CodeIgniter.php(934): App\Controllers\Mycontroller->adduser1()
11 SYSTEMPATH\CodeIgniter.php(499): CodeIgniter\CodeIgniter->runController(Object(App\Controllers\Mycontroller))
12 SYSTEMPATH\CodeIgniter.php(368): CodeIgniter\CodeIgniter->handleRequest(null, Object(Config\Cache), false)
13 FCPATH\index.php(67): CodeIgniter\CodeIgniter->run()
CRITICAL - 2023-06-06 17:36:38 --> Trying to access array offset on value of type null
in APPPATH\Views\user_update.php on line 70.
 1 APPPATH\Views\user_update.php(70): CodeIgniter\Debug\Exceptions->errorHandler(2, 'Trying to access array offset on value of type null', 'C:\\xampp\\htdocs\\project1\\app\\Views\\user_update.php', 70)
 2 SYSTEMPATH\View\View.php(213): include('C:\\xampp\\htdocs\\project1\\app\\Views\\user_update.php')
 3 SYSTEMPATH\View\View.php(216): CodeIgniter\View\View->CodeIgniter\View\{closure}()
 4 SYSTEMPATH\Common.php(1184): CodeIgniter\View\View->render('user_update', [], true)
 5 APPPATH\Controllers\Mycontroller.php(44): view('user_update', [...])
 6 SYSTEMPATH\CodeIgniter.php(934): App\Controllers\Mycontroller->update('1')
 7 SYSTEMPATH\CodeIgniter.php(499): CodeIgniter\CodeIgniter->runController(Object(App\Controllers\Mycontroller))
 8 SYSTEMPATH\CodeIgniter.php(368): CodeIgniter\CodeIgniter->handleRequest(null, Object(Config\Cache), false)
 9 FCPATH\index.php(67): CodeIgniter\CodeIgniter->run()
CRITICAL - 2023-06-06 17:44:14 --> Undefined variable $id
in APPPATH\Controllers\Mycontroller.php on line 126.
 1 APPPATH\Controllers\Mycontroller.php(126): CodeIgniter\Debug\Exceptions->errorHandler(2, 'Undefined variable $id', 'C:\\xampp\\htdocs\\project1\\app\\Controllers\\Mycontroller.php', 126)
 2 SYSTEMPATH\CodeIgniter.php(934): App\Controllers\Mycontroller->del1('2')
 3 SYSTEMPATH\CodeIgniter.php(499): CodeIgniter\CodeIgniter->runController(Object(App\Controllers\Mycontroller))
 4 SYSTEMPATH\CodeIgniter.php(368): CodeIgniter\CodeIgniter->handleRequest(null, Object(Config\Cache), false)
 5 FCPATH\index.php(67): CodeIgniter\CodeIgniter->run()
CRITICAL - 2023-06-06 18:07:33 --> Updates are not allowed unless they contain a "where" or "like" clause.
in SYSTEMPATH\Model.php on line 391.
 1 SYSTEMPATH\BaseModel.php(943): CodeIgniter\Model->doUpdate(null, [...])
 2 SYSTEMPATH\Model.php(756): CodeIgniter\BaseModel->update(null, [...])
 3 APPPATH\Models\UserModel1.php(36): CodeIgniter\Model->update(null, [...])
 4 APPPATH\Controllers\Mycontroller.php(146): App\Models\UserModel1->updateuser(null, [...])
 5 SYSTEMPATH\CodeIgniter.php(934): App\Controllers\Mycontroller->doupdate1()
 6 SYSTEMPATH\CodeIgniter.php(499): CodeIgniter\CodeIgniter->runController(Object(App\Controllers\Mycontroller))
 7 SYSTEMPATH\CodeIgniter.php(368): CodeIgniter\CodeIgniter->handleRequest(null, Object(Config\Cache), false)
 8 FCPATH\index.php(67): CodeIgniter\CodeIgniter->run()
CRITICAL - 2023-06-06 18:15:20 --> Updates are not allowed unless they contain a "where" or "like" clause.
in SYSTEMPATH\Model.php on line 391.
 1 SYSTEMPATH\BaseModel.php(943): CodeIgniter\Model->doUpdate(null, [...])
 2 SYSTEMPATH\Model.php(756): CodeIgniter\BaseModel->update(null, [...])
 3 APPPATH\Models\UserModel1.php(36): CodeIgniter\Model->update(null, [...])
 4 APPPATH\Controllers\Mycontroller.php(146): App\Models\UserModel1->updateuser(null, [...])
 5 SYSTEMPATH\CodeIgniter.php(934): App\Controllers\Mycontroller->doupdate1()
 6 SYSTEMPATH\CodeIgniter.php(499): CodeIgniter\CodeIgniter->runController(Object(App\Controllers\Mycontroller))
 7 SYSTEMPATH\CodeIgniter.php(368): CodeIgniter\CodeIgniter->handleRequest(null, Object(Config\Cache), false)
 8 FCPATH\index.php(67): CodeIgniter\CodeIgniter->run()
CRITICAL - 2023-06-06 18:34:22 --> Invalid file: "error2.php"
in SYSTEMPATH\Exceptions\FrameworkException.php on line 33.
 1 SYSTEMPATH\View\View.php(201): CodeIgniter\Exceptions\FrameworkException::forInvalidFile('error2.php')
 2 SYSTEMPATH\Common.php(1184): CodeIgniter\View\View->render('error2', [], true)
 3 APPPATH\Controllers\Mycontroller.php(168): view('error2')
 4 SYSTEMPATH\CodeIgniter.php(934): App\Controllers\Mycontroller->dologin1()
 5 SYSTEMPATH\CodeIgniter.php(499): CodeIgniter\CodeIgniter->runController(Object(App\Controllers\Mycontroller))
 6 SYSTEMPATH\CodeIgniter.php(368): CodeIgniter\CodeIgniter->handleRequest(null, Object(Config\Cache), false)
 7 FCPATH\index.php(67): CodeIgniter\CodeIgniter->run()
